# JRE version: OpenJDK Runtime Environment (8.0_242-b01) (build 1.8.0_242-release-1644-b01)
# Java VM: OpenJDK 64-Bit Server VM (25.242-b01 mixed mode windows-amd64 compressed oops)
Heap:
 PSYoungGen      total 519680K, used 339416K [0x00000000d5580000, 0x00000000ffa00000, 0x0000000100000000)
  eden space 344576K, 94% used [0x00000000d5580000,0x00000000e93d4ff8,0x00000000ea600000)
  from space 175104K, 7% used [0x00000000f4f00000,0x00000000f5c21118,0x00000000ffa00000)
  to   space 173056K, 0% used [0x00000000ea600000,0x00000000ea600000,0x00000000f4f00000)
 ParOldGen       total 570368K, used 351949K [0x0000000080000000, 0x00000000a2d00000, 0x00000000d5580000)
  object space 570368K, 61% used [0x0000000080000000,0x00000000957b3720,0x00000000a2d00000)
 Metaspace       used 141663K, capacity 149219K, committed 149528K, reserved 1179648K
  class space    used 18002K, capacity 19396K, committed 19504K, reserved 1048576K
GC Heap History (10 events):
Event: 463.817 GC heap before
{Heap before GC invocations=48 (full 6):
 PSYoungGen      total 485888K, used 485842K [0x00000000d5580000, 0x0000000100000000, 0x0000000100000000)
  eden space 346624K, 100% used [0x00000000d5580000,0x00000000ea800000,0x00000000ea800000)
  from space 139264K, 99% used [0x00000000ea800000,0x00000000f2ff4ac8,0x00000000f3000000)
  to   space 192512K, 0% used [0x00000000f4400000,0x00000000f4400000,0x0000000100000000)
 ParOldGen       total 570368K, used 321847K [0x0000000080000000, 0x00000000a2d00000, 0x00000000d5580000)
  object space 570368K, 56% used [0x0000000080000000,0x0000000093a4dd20,0x00000000a2d00000)
 Metaspace       used 132622K, capacity 139561K, committed 139800K, reserved 1171456K
  class space    used 17018K, capacity 18361K, committed 18480K, reserved 1048576K
Event: 465.279 GC heap after
Heap after GC invocations=48 (full 6):
 PSYoungGen      total 511488K, used 25748K [0x00000000d5580000, 0x0000000100000000, 0x0000000100000000)
  eden space 318976K, 0% used [0x00000000d5580000,0x00000000d5580000,0x00000000e8d00000)
  from space 192512K, 13% used [0x00000000f4400000,0x00000000f5d25380,0x0000000100000000)
  to   space 187392K, 0% used [0x00000000e8d00000,0x00000000e8d00000,0x00000000f4400000)
 ParOldGen       total 570368K, used 341506K [0x0000000080000000, 0x00000000a2d00000, 0x00000000d5580000)
  object space 570368K, 59% used [0x0000000080000000,0x0000000094d809a8,0x00000000a2d00000)
 Metaspace       used 132622K, capacity 139561K, committed 139800K, reserved 1171456K
  class space    used 17018K, capacity 18361K, committed 18480K, reserved 1048576K
}
Event: 481.610 GC heap before
{Heap before GC invocations=49 (full 6):
 PSYoungGen      total 511488K, used 335744K [0x00000000d5580000, 0x0000000100000000, 0x0000000100000000)
  eden space 318976K, 97% used [0x00000000d5580000,0x00000000e843ad10,0x00000000e8d00000)
  from space 192512K, 13% used [0x00000000f4400000,0x00000000f5d25380,0x0000000100000000)
  to   space 187392K, 0% used [0x00000000e8d00000,0x00000000e8d00000,0x00000000f4400000)
 ParOldGen       total 570368K, used 341506K [0x0000000080000000, 0x00000000a2d00000, 0x00000000d5580000)
  object space 570368K, 59% used [0x0000000080000000,0x0000000094d809a8,0x00000000a2d00000)
 Metaspace       used 133405K, capacity 140517K, committed 140696K, reserved 1171456K
  class space    used 17124K, capacity 18481K, committed 18608K, reserved 1048576K
Event: 482.002 GC heap after
Heap after GC invocations=49 (full 6):
 PSYoungGen      total 342528K, used 23366K [0x00000000d5580000, 0x00000000ff100000, 0x0000000100000000)
  eden space 318976K, 0% used [0x00000000d5580000,0x00000000d5580000,0x00000000e8d00000)
  from space 23552K, 99% used [0x00000000e8d00000,0x00000000ea3d1830,0x00000000ea400000)
  to   space 182272K, 0% used [0x00000000f3f00000,0x00000000f3f00000,0x00000000ff100000)
 ParOldGen       total 570368K, used 351925K [0x0000000080000000, 0x00000000a2d00000, 0x00000000d5580000)
  object space 570368K, 61% used [0x0000000080000000,0x00000000957ad720,0x00000000a2d00000)
 Metaspace       used 133405K, capacity 140517K, committed 140696K, reserved 1171456K
  class space    used 17124K, capacity 18481K, committed 18608K, reserved 1048576K
}
Event: 1036.264 GC heap before
{Heap before GC invocations=50 (full 6):
 PSYoungGen      total 342528K, used 342342K [0x00000000d5580000, 0x00000000ff100000, 0x0000000100000000)
  eden space 318976K, 100% used [0x00000000d5580000,0x00000000e8d00000,0x00000000e8d00000)
  from space 23552K, 99% used [0x00000000e8d00000,0x00000000ea3d1830,0x00000000ea400000)
  to   space 182272K, 0% used [0x00000000f3f00000,0x00000000f3f00000,0x00000000ff100000)
 ParOldGen       total 570368K, used 351925K [0x0000000080000000, 0x00000000a2d00000, 0x00000000d5580000)
  object space 570368K, 61% used [0x0000000080000000,0x00000000957ad720,0x00000000a2d00000)
 Metaspace       used 134119K, capacity 141345K, committed 141464K, reserved 1171456K
  class space    used 17186K, capacity 18549K, committed 18608K, reserved 1048576K
Event: 1038.566 GC heap after
Heap after GC invocations=50 (full 6):
 PSYoungGen      total 507904K, used 29840K [0x00000000d5580000, 0x00000000fff80000, 0x0000000100000000)
  eden space 325632K, 0% used [0x00000000d5580000,0x00000000d5580000,0x00000000e9380000)
  from space 182272K, 16% used [0x00000000f3f00000,0x00000000f5c24220,0x00000000ff100000)
  to   space 175616K, 0% used [0x00000000e9380000,0x00000000e9380000,0x00000000f3f00000)
 ParOldGen       total 570368K, used 351933K [0x0000000080000000, 0x00000000a2d00000, 0x00000000d5580000)
  object space 570368K, 61% used [0x0000000080000000,0x00000000957af720,0x00000000a2d00000)
 Metaspace       used 134119K, capacity 141345K, committed 141464K, reserved 1171456K
  class space    used 17186K, capacity 18549K, committed 18608K, reserved 1048576K
}
Event: 1081.119 GC heap before
{Heap before GC invocations=51 (full 6):
 PSYoungGen      total 507904K, used 355472K [0x00000000d5580000, 0x00000000fff80000, 0x0000000100000000)
  eden space 325632K, 100% used [0x00000000d5580000,0x00000000e9380000,0x00000000e9380000)
  from space 182272K, 16% used [0x00000000f3f00000,0x00000000f5c24220,0x00000000ff100000)
  to   space 175616K, 0% used [0x00000000e9380000,0x00000000e9380000,0x00000000f3f00000)
 ParOldGen       total 570368K, used 351933K [0x0000000080000000, 0x00000000a2d00000, 0x00000000d5580000)
  object space 570368K, 61% used [0x0000000080000000,0x00000000957af720,0x00000000a2d00000)
 Metaspace       used 140799K, capacity 148175K, committed 148376K, reserved 1177600K
  class space    used 17937K, capacity 19320K, committed 19376K, reserved 1048576K
Event: 1082.220 GC heap after
Heap after GC invocations=51 (full 6):
 PSYoungGen      total 501248K, used 92170K [0x00000000d5580000, 0x00000000ffb80000, 0x0000000100000000)
  eden space 325632K, 0% used [0x00000000d5580000,0x00000000d5580000,0x00000000e9380000)
  from space 175616K, 52% used [0x00000000e9380000,0x00000000eed82b48,0x00000000f3f00000)
  to   space 176640K, 0% used [0x00000000f4f00000,0x00000000f4f00000,0x00000000ffb80000)
 ParOldGen       total 570368K, used 351941K [0x0000000080000000, 0x00000000a2d00000, 0x00000000d5580000)
  object space 570368K, 61% used [0x0000000080000000,0x00000000957b1720,0x00000000a2d00000)
 Metaspace       used 140799K, capacity 148175K, committed 148376K, reserved 1177600K
  class space    used 17937K, capacity 19320K, committed 19376K, reserved 1048576K
}
Event: 1566.707 GC heap before
{Heap before GC invocations=52 (full 6):
 PSYoungGen      total 501248K, used 417802K [0x00000000d5580000, 0x00000000ffb80000, 0x0000000100000000)
  eden space 325632K, 100% used [0x00000000d5580000,0x00000000e9380000,0x00000000e9380000)
  from space 175616K, 52% used [0x00000000e9380000,0x00000000eed82b48,0x00000000f3f00000)
  to   space 176640K, 0% used [0x00000000f4f00000,0x00000000f4f00000,0x00000000ffb80000)
 ParOldGen       total 570368K, used 351941K [0x0000000080000000, 0x00000000a2d00000, 0x00000000d5580000)
  object space 570368K, 61% used [0x0000000080000000,0x00000000957b1720,0x00000000a2d00000)
 Metaspace       used 141301K, capacity 148719K, committed 148888K, reserved 1179648K
  class space    used 17974K, capacity 19356K, committed 19376K, reserved 1048576K
Event: 1569.767 GC heap after
Heap after GC invocations=52 (full 6):
 PSYoungGen      total 519680K, used 13444K [0x00000000d5580000, 0x00000000ffa00000, 0x0000000100000000)
  eden space 344576K, 0% used [0x00000000d5580000,0x00000000d5580000,0x00000000ea600000)
  from space 175104K, 7% used [0x00000000f4f00000,0x00000000f5c21118,0x00000000ffa00000)
  to   space 173056K, 0% used [0x00000000ea600000,0x00000000ea600000,0x00000000f4f00000)
 ParOldGen       total 570368K, used 351949K [0x0000000080000000, 0x00000000a2d00000, 0x00000000d5580000)
  object space 570368K, 61% used [0x0000000080000000,0x00000000957b3720,0x00000000a2d00000)
 Metaspace       used 141301K, capacity 148719K, committed 148888K, reserved 1179648K
  class space    used 17974K, capacity 19356K, committed 19376K, reserved 1048576K
}

